<?xml version="1.0" encoding="UTF-8" standalone="yes"?>
<data>
		<numero1>1</numero1>
		<numero2>2</numero2>
		<resultado>3</resultado>	
</data>
